<?xml version="1.0" encoding="UTF-8"?>
<!-- Generated by org.testng.reporters.JUnitReportReporter -->
<testsuite skipped="0" hostname="200411LTP1157" name="com.zifautomation.TestCases.US2844_ZIFAI_Tech_Bot" tests="1" failures="0" timestamp="2020-10-08T21:09:14 IST" time="31.537" errors="0">
  <testcase name="US2844_ZIFAI_Tech_Bot" time="31.537" classname="com.zifautomation.TestCases.US2844_ZIFAI_Tech_Bot"/>
</testsuite> <!-- com.zifautomation.TestCases.US2844_ZIFAI_Tech_Bot -->
