<?xml version="1.0" encoding="UTF-8"?>
<!-- Generated by org.testng.reporters.JUnitReportReporter -->
<testsuite skipped="0" hostname="200411LTP0570" name="com.zifautomation.TestScripts.CMPRegression" tests="1" failures="0" timestamp="2020-09-25T18:29:10 IST" time="78.860" errors="0">
  <testcase name="CMPRegressionTestcase" time="78.860" classname="com.zifautomation.TestScripts.CMPRegression"/>
</testsuite> <!-- com.zifautomation.TestScripts.CMPRegression -->
