<?xml version="1.0" encoding="UTF-8"?>
<!-- Generated by org.testng.reporters.JUnitReportReporter -->
<testsuite skipped="0" hostname="200411LTP0570" name="com.zifautomation.TestScripts.ZIFUI_Regression" tests="1" failures="0" timestamp="2020-09-10T18:53:12 IST" time="562.737" errors="0">
  <testcase name="ZIFUIRegressionTestcase" time="562.737" classname="com.zifautomation.TestScripts.ZIFUI_Regression"/>
</testsuite> <!-- com.zifautomation.TestScripts.ZIFUI_Regression -->
