<?xml version="1.0" encoding="UTF-8"?>
<!-- Generated by org.testng.reporters.JUnitReportReporter -->
<testsuite skipped="0" hostname="200411LTP0570" name="com.zifautomation.TestCases.US2842_ZIFAI_Prediction_ExportToExcel" tests="1" failures="0" timestamp="2020-09-09T13:25:41 IST" time="46.106" errors="0">
  <testcase name="ZIFUIRegressionTestcase" time="46.106" classname="com.zifautomation.TestCases.US2842_ZIFAI_Prediction_ExportToExcel"/>
</testsuite> <!-- com.zifautomation.TestCases.US2842_ZIFAI_Prediction_ExportToExcel -->
