<?xml version="1.0" encoding="UTF-8"?>
<!-- Generated by org.testng.reporters.JUnitReportReporter -->
<testsuite skipped="0" hostname="200411LTP0570" name="com.zifautomation.TestScripts.ZIFUI_Core_Regression" tests="1" failures="0" timestamp="2020-09-25T18:29:10 IST" time="492.543" errors="0">
  <testcase name="ZIFUI_Core_RegressionTestcase" time="492.543" classname="com.zifautomation.TestScripts.ZIFUI_Core_Regression"/>
</testsuite> <!-- com.zifautomation.TestScripts.ZIFUI_Core_Regression -->
